rm -rf functional_coverage/
vpsession ./Keranous_pcie_tileTests.gcc-9.5-64 --cwr_monitors vpconfigs/Keranous_pcie_tile/Default.monitors  || { functional_coverage_report_generator functional_coverage.html functional_coverage/; /bin/false; }

                    Copyright 1996-2024 Synopsys, Inc.
         This Synopsys product and all associated documentation are
  proprietary to Synopsys, Inc. and may only be used pursuant to the terms
     and conditions of a written license agreement with Synopsys, Inc.
     All other use, reproduction, modification, or distribution of the
  Synopsys product or the associated documentation is strictly prohibited.
  
  SystemC 2.3.4 --- Oct 28 2025 22:11:35
  Copyright (c) 1996-2022 by all Contributors,
  ALL RIGHTS RESERVED

0 ps	TestReport	Info[Test Info]	Test case 'testAlwaysSucceeds' of test suite 'Keranous_pcie_tileTest' started
0 ps	TestReport	Info[Test Info]	Test case 'testAlwaysSucceeds' of test suite 'Keranous_pcie_tileTest' PASSED with 1 checks
0 ps	TestReport	Info[Test Info]	Test case 'testE2E_Inbound_PcieRead_TlbApp0_NocN' of test suite 'Keranous_pcie_tileTest' started
0 ps	TestReport	Info[Test Info]	Test case 'testE2E_Inbound_PcieRead_TlbApp0_NocN' of test suite 'Keranous_pcie_tileTest' PASSED with 1 checks
0 ps	TestReport	Info[Test Info]	Test case 'testE2E_Inbound_PcieWrite_TlbApp1_NocN' of test suite 'Keranous_pcie_tileTest' started
0 ps	TestReport	Info[Test Info]	Test case 'testE2E_Inbound_PcieWrite_TlbApp1_NocN' of test suite 'Keranous_pcie_tileTest' PASSED with 1 checks
0 ps	TestReport	Info[Test Info]	Test case 'testE2E_Inbound_Pcie_TlbSys_SmnN' of test suite 'Keranous_pcie_tileTest' started
0 ps	TestReport	Info[Test Info]	Test case 'testE2E_Inbound_Pcie_TlbSys_SmnN' of test suite 'Keranous_pcie_tileTest' PASSED with 1 checks
0 ps	TestReport	Info[Test Info]	Test case 'testE2E_Inbound_PcieBypassApp' of test suite 'Keranous_pcie_tileTest' started
0 ps	TestReport	Info[Test Info]	Test case 'testE2E_Inbound_PcieBypassApp' of test suite 'Keranous_pcie_tileTest' PASSED with 1 checks
0 ps	TestReport	Info[Test Info]	Test case 'testE2E_Inbound_PcieBypassSys' of test suite 'Keranous_pcie_tileTest' started
0 ps	TestReport	Info[Test Info]	Test case 'testE2E_Inbound_PcieBypassSys' of test suite 'Keranous_pcie_tileTest' PASSED with 1 checks
0 ps	TestReport	Info[Test Info]	Test case 'testE2E_Outbound_NocN_TlbAppOut0_Pcie' of test suite 'Keranous_pcie_tileTest' started
0 ps	TestReport	Info[Test Info]	Test case 'testE2E_Outbound_NocN_TlbAppOut0_Pcie' of test suite 'Keranous_pcie_tileTest' PASSED with 1 checks
0 ps	TestReport	Info[Test Info]	Test case 'testE2E_Outbound_SmnN_TlbSysOut0_Pcie' of test suite 'Keranous_pcie_tileTest' started
0 ps	TestReport	Info[Test Info]	Test case 'testE2E_Outbound_SmnN_TlbSysOut0_Pcie' of test suite 'Keranous_pcie_tileTest' PASSED with 1 checks
0 ps	TestReport	Info[Test Info]	Test case 'testE2E_Outbound_NocN_TlbAppOut1_PcieDBI' of test suite 'Keranous_pcie_tileTest' started
0 ps	TestReport	Info[Test Info]	Test case 'testE2E_Outbound_NocN_TlbAppOut1_PcieDBI' of test suite 'Keranous_pcie_tileTest' PASSED with 1 checks
0 ps	TestReport	Info[Test Info]	Test case 'testE2E_Config_SmnToTlb' of test suite 'Keranous_pcie_tileTest' started
0 ps	TestReport	Info[Test Info]	Test case 'testE2E_Config_SmnToTlb' of test suite 'Keranous_pcie_tileTest' PASSED with 1 checks
0 ps	TestReport	Info[Test Info]	Test case 'testE2E_Config_SmnToSII' of test suite 'Keranous_pcie_tileTest' started
0 ps	TestReport	Info[Test Info]	Test case 'testE2E_Config_SmnToSII' of test suite 'Keranous_pcie_tileTest' PASSED with 1 checks
0 ps	TestReport	Info[Test Info]	Test case 'testE2E_Config_SmnToMsiRelay' of test suite 'Keranous_pcie_tileTest' started
0 ps	TestReport	Info[Test Info]	Test case 'testE2E_Config_SmnToMsiRelay' of test suite 'Keranous_pcie_tileTest' PASSED with 1 checks
0 ps	TestReport	Info[Test Info]	Test case 'testE2E_MSI_Generation_ToNocN' of test suite 'Keranous_pcie_tileTest' started
0 ps	TestReport	Info[Test Info]	Test case 'testE2E_MSI_Generation_ToNocN' of test suite 'Keranous_pcie_tileTest' PASSED with 1 checks
0 ps	TestReport	Info[Test Info]	Test case 'testE2E_MSI_DownstreamInput_Processing' of test suite 'Keranous_pcie_tileTest' started
0 ps	TestReport	Info[Test Info]	Test case 'testE2E_MSI_DownstreamInput_Processing' of test suite 'Keranous_pcie_tileTest' PASSED with 1 checks
0 ps	TestReport	Info[Test Info]	Test case 'testE2E_MSIX_MultipleVectors' of test suite 'Keranous_pcie_tileTest' started
0 ps	TestReport	Info[Test Info]	Test case 'testE2E_MSIX_MultipleVectors' of test suite 'Keranous_pcie_tileTest' PASSED with 1 checks
0 ps	TestReport	Info[Test Info]	Test case 'testE2E_StatusRegister_Read_Route0xE' of test suite 'Keranous_pcie_tileTest' started
0 ps	TestReport	Info[Test Info]	Test case 'testE2E_StatusRegister_Read_Route0xE' of test suite 'Keranous_pcie_tileTest' PASSED with 2 checks
0 ps	TestReport	Info[Test Info]	Test case 'testE2E_StatusRegister_DisabledAccess' of test suite 'Keranous_pcie_tileTest' started
0 ps	TestReport	Info[Test Info]	Test case 'testE2E_StatusRegister_DisabledAccess' of test suite 'Keranous_pcie_tileTest' PASSED with 1 checks
0 ps	TestReport	Info[Test Info]	Test case 'testE2E_Isolation_GlobalBlock' of test suite 'Keranous_pcie_tileTest' started
0 ps	TestReport	Info[Test Info]	Test case 'testE2E_Isolation_GlobalBlock' of test suite 'Keranous_pcie_tileTest' PASSED with 1 checks
0 ps	TestReport	Info[Test Info]	Test case 'testE2E_Isolation_ConfigAccessAllowed' of test suite 'Keranous_pcie_tileTest' started
0 ps	TestReport	Info[Test Info]	Test case 'testE2E_Isolation_ConfigAccessAllowed' of test suite 'Keranous_pcie_tileTest' PASSED with 1 checks
0 ps	TestReport	Info[Test Info]	Test case 'testE2E_Error_InvalidTlbEntry' of test suite 'Keranous_pcie_tileTest' started
0 ps	TestReport	Info[Test Info]	Test case 'testE2E_Error_InvalidTlbEntry' of test suite 'Keranous_pcie_tileTest' PASSED with 1 checks
0 ps	TestReport	Info[Test Info]	Test case 'testE2E_Error_AddressDecodeError' of test suite 'Keranous_pcie_tileTest' started
0 ps	TestReport	Info[Test Info]	Test case 'testE2E_Error_AddressDecodeError' of test suite 'Keranous_pcie_tileTest' PASSED with 1 checks
0 ps	TestReport	Info[Test Info]	Test case 'testE2E_Concurrent_InboundOutbound' of test suite 'Keranous_pcie_tileTest' started
0 ps	TestReport	Info[Test Info]	Test case 'testE2E_Concurrent_InboundOutbound' of test suite 'Keranous_pcie_tileTest' PASSED with 1 checks
0 ps	TestReport	Info[Test Info]	Test case 'testE2E_Concurrent_MultipleTlbs' of test suite 'Keranous_pcie_tileTest' started
0 ps	TestReport	Info[Test Info]	Test case 'testE2E_Concurrent_MultipleTlbs' of test suite 'Keranous_pcie_tileTest' PASSED with 1 checks
0 ps	TestReport	Info[Test Info]	Test case 'testE2E_Reset_ColdResetSequence' of test suite 'Keranous_pcie_tileTest' started
0 ps	TestReport	Info[Test Info]	Test case 'testE2E_Reset_ColdResetSequence' of test suite 'Keranous_pcie_tileTest' PASSED with 1 checks
0 ps	TestReport	Info[Test Info]	Test case 'testE2E_Reset_WarmResetSequence' of test suite 'Keranous_pcie_tileTest' started
0 ps	TestReport	Info[Test Info]	Test case 'testE2E_Reset_WarmResetSequence' of test suite 'Keranous_pcie_tileTest' PASSED with 1 checks
0 ps	TestReport	Info[Test Info]	Test case 'testE2E_Flow_PcieMemoryRead_Complete' of test suite 'Keranous_pcie_tileTest' started
0 ps	TestReport	Info[Test Info]	Test case 'testE2E_Flow_PcieMemoryRead_Complete' of test suite 'Keranous_pcie_tileTest' PASSED with 1 checks
0 ps	TestReport	Info[Test Info]	Test case 'testE2E_Flow_PcieMemoryWrite_Complete' of test suite 'Keranous_pcie_tileTest' started
0 ps	TestReport	Info[Test Info]	Test case 'testE2E_Flow_PcieMemoryWrite_Complete' of test suite 'Keranous_pcie_tileTest' PASSED with 1 checks
0 ps	TestReport	Info[Test Info]	Test case 'testE2E_Flow_NocMemoryRead_ToPcie' of test suite 'Keranous_pcie_tileTest' started
0 ps	TestReport	Info[Test Info]	Test case 'testE2E_Flow_NocMemoryRead_ToPcie' of test suite 'Keranous_pcie_tileTest' PASSED with 1 checks
0 ps	TestReport	Info[Test Info]	Test case 'testE2E_Flow_SmnConfigWrite_PcieDBI' of test suite 'Keranous_pcie_tileTest' started
0 ps	TestReport	Info[Test Info]	Test case 'testE2E_Flow_SmnConfigWrite_PcieDBI' of test suite 'Keranous_pcie_tileTest' PASSED with 1 checks
0 ps	TestReport	Info[Test Info]	Test case 'testE2E_Refactor_FunctionCallbackChain' of test suite 'Keranous_pcie_tileTest' started
0 ps	TestReport	Info[Test Info]	Test case 'testE2E_Refactor_FunctionCallbackChain' of test suite 'Keranous_pcie_tileTest' PASSED with 1 checks
0 ps	TestReport	Info[Test Info]	Test case 'testE2E_Refactor_NoInternalSockets_E126Check' of test suite 'Keranous_pcie_tileTest' started
0 ps	TestReport	Info[Test Info]	Test case 'testE2E_Refactor_NoInternalSockets_E126Check' of test suite 'Keranous_pcie_tileTest' PASSED with 1 checks
0 ps	TestReport	Info[Test Info]	Test case 'testE2E_System_BootSequence' of test suite 'Keranous_pcie_tileTest' started
0 ps	TestReport	Info[Test Info]	Test case 'testE2E_System_BootSequence' of test suite 'Keranous_pcie_tileTest' PASSED with 1 checks
0 ps	TestReport	Info[Test Info]	Test case 'testE2E_System_ErrorRecovery' of test suite 'Keranous_pcie_tileTest' started
0 ps	TestReport	Info[Test Info]	Test case 'testE2E_System_ErrorRecovery' of test suite 'Keranous_pcie_tileTest' PASSED with 1 checks
0 ps	TestReport	Info[Test Info]	Test case 'testE2E_MSIX_CompleteMsixInterruptFlow' of test suite 'Keranous_pcie_tileTest' started
0 ps	TestReport	Info[Test Info]	Test case 'testE2E_MSIX_CompleteMsixInterruptFlow' of test suite 'Keranous_pcie_tileTest' PASSED with 1 checks
0 ps	TestReport	Info[Test Info]	Test case 'testE2E_Error_TimeoutHandling' of test suite 'Keranous_pcie_tileTest' started
0 ps	TestReport	Info[Test Info]	Test case 'testE2E_Error_TimeoutHandling' of test suite 'Keranous_pcie_tileTest' PASSED with 1 checks
0 ps	TestReport	Info[Test Info]	Test case 'testE2E_CDC_AxiToPcieClock' of test suite 'Keranous_pcie_tileTest' started
0 ps	TestReport	Info[Test Info]	Test case 'testE2E_CDC_AxiToPcieClock' of test suite 'Keranous_pcie_tileTest' PASSED with 1 checks
0 ps	TestReport	Info[Test Info]	Test case 'testE2E_Perf_MaximumThroughput' of test suite 'Keranous_pcie_tileTest' started
0 ps	TestReport	Info[Test Info]	Test case 'testE2E_Perf_MaximumThroughput' of test suite 'Keranous_pcie_tileTest' PASSED with 5 checks
0 ps	TestReport	Info[Test Info]	Test case 'testE2E_Stress_AddressSpaceSweep' of test suite 'Keranous_pcie_tileTest' started
0 ps	TestReport	Info[Test Info]	Test case 'testE2E_Stress_AddressSpaceSweep' of test suite 'Keranous_pcie_tileTest' PASSED with 1 checks
0 ps	TestReport	Info[Test Info]	Test case 'testE2E_Stress_TlbEntryExhaustion' of test suite 'Keranous_pcie_tileTest' started
0 ps	TestReport	Info[Test Info]	Test case 'testE2E_Stress_TlbEntryExhaustion' of test suite 'Keranous_pcie_tileTest' PASSED with 1 checks
0 ps	TestReport	Info[Test Info]	Test case 'testE2E_Power_IsolationModeEntryExit' of test suite 'Keranous_pcie_tileTest' started
0 ps	TestReport	Info[Test Info]	Test case 'testE2E_Power_IsolationModeEntryExit' of test suite 'Keranous_pcie_tileTest' PASSED with 1 checks
0 ps	TestReport	Info[Test Info]	Test case 'testE2E_System_ShutdownSequence' of test suite 'Keranous_pcie_tileTest' started
0 ps	TestReport	Info[Test Info]	Test case 'testE2E_System_ShutdownSequence' of test suite 'Keranous_pcie_tileTest' PASSED with 1 checks
0 ps	TestReport	Info[Test Info]	Test case 'testDirected_Switch_RouteDecodeErrors' of test suite 'Keranous_pcie_tileTest' started
0 ps	TestReport	Info[Test Info]	Test case 'testDirected_Switch_RouteDecodeErrors' of test suite 'Keranous_pcie_tileTest' PASSED with 2 checks
0 ps	TestReport	Info[Test Info]	Test case 'testDirected_Switch_NocIoDecErrRegions' of test suite 'Keranous_pcie_tileTest' started
0 ps	TestReport	Info[Test Info]	Test case 'testDirected_Switch_NocIoDecErrRegions' of test suite 'Keranous_pcie_tileTest' PASSED with 7 checks
0 ps	TestReport	Info[Test Info]	Test case 'testDirected_Switch_SmnIoAllTargets' of test suite 'Keranous_pcie_tileTest' started
0 ps	TestReport	Info[Test Info]	Test case 'testDirected_Switch_SmnIoAllTargets' of test suite 'Keranous_pcie_tileTest' PASSED with 15 checks
0 ps	TestReport	Info[Test Info]	Test case 'testDirected_ConfigReg_StatusReadback' of test suite 'Keranous_pcie_tileTest' started
0 ps	TestReport	Info[Test Info]	Test case 'testDirected_ConfigReg_StatusReadback' of test suite 'Keranous_pcie_tileTest' PASSED with 4 checks
0 ps	TestReport	Info[Test Info]	Test case 'testDirected_ConfigReg_PcieOutboundAppEnableCheck' of test suite 'Keranous_pcie_tileTest' started
0 ps	TestReport	Info[Test Info]	Test case 'testDirected_ConfigReg_PcieOutboundAppEnableCheck' of test suite 'Keranous_pcie_tileTest' PASSED with 10 checks
0 ps	TestReport	Info[Test Info]	Test case 'testDirected_InboundTlb_InvalidEntry' of test suite 'Keranous_pcie_tileTest' started
0 ps	TestReport	Info[Test Info]	Test case 'testDirected_InboundTlb_InvalidEntry' of test suite 'Keranous_pcie_tileTest' PASSED with 4 checks
0 ps	TestReport	Info[Test Info]	Test case 'testDirected_InboundTlb_ValidEntryVerify' of test suite 'Keranous_pcie_tileTest' started
0 ps	TestReport	Info[Test Info]	Test case 'testDirected_InboundTlb_ValidEntryVerify' of test suite 'Keranous_pcie_tileTest' PASSED with 4 checks
0 ps	TestReport	Info[Test Info]	Test case 'testDirected_InboundTlb_MultipleEntryIndex' of test suite 'Keranous_pcie_tileTest' started
0 ps	TestReport	Info[Test Info]	Test case 'testDirected_InboundTlb_MultipleEntryIndex' of test suite 'Keranous_pcie_tileTest' PASSED with 5 checks
0 ps	TestReport	Info[Test Info]	Test case 'testDirected_InboundTlb_AllThreeTypes' of test suite 'Keranous_pcie_tileTest' started
0 ps	TestReport	Error[Generic Error]	Test case 'testDirected_InboundTlb_AllThreeTypes' of test suite 'Keranous_pcie_tileTest' FAILED at Keranous_pcie_tileTest.cc:1991 (TLB Sys In0 (16KB pages, route=4) should succeed)
0 ps	TestReport	Info[Test Info]	Test case 'testDirected_InboundTlb_App0_AllInstances' of test suite 'Keranous_pcie_tileTest' started
0 ps	TestReport	Info[Test Info]	Test case 'testDirected_InboundTlb_App0_AllInstances' of test suite 'Keranous_pcie_tileTest' PASSED with 5 checks
0 ps	TestReport	Info[Test Info]	Test case 'testDirected_OutboundTlb_SysOut0_All16Entries' of test suite 'Keranous_pcie_tileTest' started
0 ps	TestReport	Error[Generic Error]	Test case 'testDirected_OutboundTlb_SysOut0_All16Entries' of test suite 'Keranous_pcie_tileTest' FAILED at Keranous_pcie_tileTest.cc:2046 (TLB Sys Out0 entry 0 (default-valid) should succeed)
0 ps	TestReport	Info[Test Info]	Test case 'testDirected_OutboundTlb_HighAddressRouting' of test suite 'Keranous_pcie_tileTest' started
0 ps	TestReport	Info[Test Info]	Test case 'testDirected_OutboundTlb_HighAddressRouting' of test suite 'Keranous_pcie_tileTest' PASSED with 3 checks
0 ps	TestReport	Info[Test Info]	Test case 'testDirected_OutboundTlb_AppOut1_Routing' of test suite 'Keranous_pcie_tileTest' started
0 ps	TestReport	Error[Generic Error]	Test case 'testDirected_OutboundTlb_AppOut1_Routing' of test suite 'Keranous_pcie_tileTest' FAILED at Keranous_pcie_tileTest.cc:2106 (TLB App Out1 via NOC-IO should succeed)
0 ps	TestReport	Info[Test Info]	Test case 'testDirected_MsiRelay_ReceiverInput' of test suite 'Keranous_pcie_tileTest' started
0 ps	TestReport	Info[Test Info]	Test case 'testDirected_MsiRelay_ReceiverInput' of test suite 'Keranous_pcie_tileTest' PASSED with 3 checks
0 ps	TestReport	Info[Test Info]	Test case 'testDirected_MsiRelay_MultiVectorConfig' of test suite 'Keranous_pcie_tileTest' started
0 ps	TestReport	Info[Test Info]	Test case 'testDirected_MsiRelay_MultiVectorConfig' of test suite 'Keranous_pcie_tileTest' PASSED with 2 checks
0 ps	TestReport	Info[Test Info]	Test case 'testDirected_SII_BusDevNumberOutput' of test suite 'Keranous_pcie_tileTest' started
0 ps	TestReport	Info[Test Info]	Test case 'testDirected_SII_BusDevNumberOutput' of test suite 'Keranous_pcie_tileTest' PASSED with 4 checks
0 ps	TestReport	Info[Test Info]	Test case 'testDirected_TlbConfig_AllBanksAccessible' of test suite 'Keranous_pcie_tileTest' started
0 ps	TestReport	Info[Test Info]	Test case 'testDirected_TlbConfig_AllBanksAccessible' of test suite 'Keranous_pcie_tileTest' PASSED with 8 checks
0 ps	TestReport	Info[Test Info]	Test case 'testDirected_Integration_BidirectionalVerified' of test suite 'Keranous_pcie_tileTest' started
0 ps	TestReport	Info[Test Info]	Test case 'testDirected_Integration_BidirectionalVerified' of test suite 'Keranous_pcie_tileTest' PASSED with 27 checks
0 ps	TestReport	Info[Test Info]	Test case 'testDirected_MsiRelay_InterruptOutput' of test suite 'Keranous_pcie_tileTest' started
0 ps	TestReport	Info[Test Info]	Test case 'testDirected_MsiRelay_InterruptOutput' of test suite 'Keranous_pcie_tileTest' PASSED with 5 checks
0 ps	TestReport	Info[Test Info]	Test case 'testDirected_MsiRelay_PendingBitArray' of test suite 'Keranous_pcie_tileTest' started
0 ps	TestReport	Info[Test Info]	Test case 'testDirected_MsiRelay_PendingBitArray' of test suite 'Keranous_pcie_tileTest' PASSED with 4 checks
0 ps	TestReport	Info[Test Info]	Test case 'testDirected_MsiRelay_GlobalMaskControl' of test suite 'Keranous_pcie_tileTest' started
0 ps	TestReport	Info[Test Info]	Test case 'testDirected_MsiRelay_GlobalMaskControl' of test suite 'Keranous_pcie_tileTest' PASSED with 7 checks
0 ps	TestReport	Info[Test Info]	Test case 'testDirected_Signal_InterruptForwarding' of test suite 'Keranous_pcie_tileTest' started
0 ps	TestReport	Info[Test Info]	Test case 'testDirected_Signal_InterruptForwarding' of test suite 'Keranous_pcie_tileTest' PASSED with 6 checks
0 ps	TestReport	Info[Test Info]	Test case 'testDirected_SII_CiiConfigUpdate' of test suite 'Keranous_pcie_tileTest' started
0 ps	TestReport	Info[Test Info]	Test case 'testDirected_SII_CiiConfigUpdate' of test suite 'Keranous_pcie_tileTest' PASSED with 4 checks
0 ps	TestReport	Info[Test Info]	Test case 'testDirected_SII_CiiInterruptClear' of test suite 'Keranous_pcie_tileTest' started
0 ps	TestReport	Info[Test Info]	Test case 'testDirected_SII_CiiInterruptClear' of test suite 'Keranous_pcie_tileTest' PASSED with 6 checks
0 ps	TestReport	Info[Test Info]	Test case 'testDirected_SII_CiiEdgeCases' of test suite 'Keranous_pcie_tileTest' started
0 ps	TestReport	Info[Test Info]	Test case 'testDirected_SII_CiiEdgeCases' of test suite 'Keranous_pcie_tileTest' PASSED with 7 checks
0 ps	TestReport	Info[Test Info]	Test case 'testDirected_SII_ResetClearsConfigUpdate' of test suite 'Keranous_pcie_tileTest' started
0 ps	TestReport	Info[Test Info]	Test case 'testDirected_SII_ResetClearsConfigUpdate' of test suite 'Keranous_pcie_tileTest' PASSED with 6 checks
0 ps	TestReport	Info[Test Info]	Test case 'testDirected_SII_DeviceTypeAndSysInt' of test suite 'Keranous_pcie_tileTest' started
0 ps	TestReport	Info[Test Info]	Test case 'testDirected_SII_DeviceTypeAndSysInt' of test suite 'Keranous_pcie_tileTest' PASSED with 4 checks
0 ps	TestReport	Info[Test Info]	Test case 'testDirected_Switch_StatusRegRoute0xF' of test suite 'Keranous_pcie_tileTest' started
0 ps	TestReport	Error[Generic Error]	Test case 'testDirected_Switch_StatusRegRoute0xF' of test suite 'Keranous_pcie_tileTest' FAILED at Keranous_pcie_tileTest.cc:3044 (Status register readable via route 0xE)
0 ps	TestReport	Info[Test Info]	Test case 'testDirected_Switch_StatusRegWriteRejection' of test suite 'Keranous_pcie_tileTest' started
0 ps	TestReport	Error[Generic Error]	Test case 'testDirected_Switch_StatusRegWriteRejection' of test suite 'Keranous_pcie_tileTest' FAILED at Keranous_pcie_tileTest.cc:3082 (Read via route 0xE still works after write rejection)
0 ps	TestReport	Info[Test Info]	Test case 'testDirected_Switch_BadCommandResponse' of test suite 'Keranous_pcie_tileTest' started
0 ps	TestReport	Error[Generic Error]	Test case 'testDirected_Switch_BadCommandResponse' of test suite 'Keranous_pcie_tileTest' FAILED at Keranous_pcie_tileTest.cc:3111 (Pre-test: status register accessible)
0 ps	TestReport	Info[Test Info]	Test case 'testDirected_InboundTlb_PageBoundary' of test suite 'Keranous_pcie_tileTest' started
0 ps	TestReport	Error[Generic Error]	Test case 'testDirected_InboundTlb_PageBoundary' of test suite 'Keranous_pcie_tileTest' FAILED at Keranous_pcie_tileTest.cc:3158 (TLB entry 0: addr 0x3FFC (just below boundary) → valid entry, success)
0 ps	TestReport	Info[Test Info]	Test case 'testDirected_Switch_BypassPathRouting' of test suite 'Keranous_pcie_tileTest' started
0 ps	TestReport	Info[Test Info]	Test case 'testDirected_Switch_BypassPathRouting' of test suite 'Keranous_pcie_tileTest' PASSED with 4 checks
0 ps	TestReport	Info[Test Info]	Test case 'testDirected_ConfigReg_IsolationClearsAll' of test suite 'Keranous_pcie_tileTest' started
0 ps	TestReport	Error[Generic Error]	Test case 'testDirected_ConfigReg_IsolationClearsAll' of test suite 'Keranous_pcie_tileTest' FAILED at Keranous_pcie_tileTest.cc:1844 (Status register read OK (default state))
0 ps	TestReport	Info[Test Info]	Test case 'testDirected_Reset_ColdRestoresDefaults' of test suite 'Keranous_pcie_tileTest' started
0 ps	TestReport	Error[Generic Error]	Test case 'testDirected_Reset_ColdRestoresDefaults' of test suite 'Keranous_pcie_tileTest' FAILED at Keranous_pcie_tileTest.cc:2815 (Status register readable pre-reset)
0 ps	TestReport	Info[Test Info]	Test case 'testDirected_Reset_WarmPreservesConfig' of test suite 'Keranous_pcie_tileTest' started
0 ps	TestReport	Error[Generic Error]	Test case 'testDirected_Reset_WarmPreservesConfig' of test suite 'Keranous_pcie_tileTest' FAILED at Keranous_pcie_tileTest.cc:2853 (Status register readable pre-warm-reset)
0 ps	TestReport	Info[Test Info]	Test case 'testNegative_InboundDisabled_BlocksPcieToNoc' of test suite 'Keranous_pcie_tileTest' started
0 ps	TestReport	Error[Generic Error]	Test case 'testNegative_InboundDisabled_BlocksPcieToNoc' of test suite 'Keranous_pcie_tileTest' FAILED at Keranous_pcie_tileTest.cc:1383 (Inbound disabled: PCIe→NOC returns DECERR)
0 ps	TestReport	Info[Test Info]	Test case 'testNegative_OutboundDisabled_BlocksNocToPcie' of test suite 'Keranous_pcie_tileTest' started
0 ps	TestReport	Error[Generic Error]	Test case 'testNegative_OutboundDisabled_BlocksNocToPcie' of test suite 'Keranous_pcie_tileTest' FAILED at Keranous_pcie_tileTest.cc:1433 (Outbound disabled: NOC→PCIe returns DECERR (NEW CHECK))
0 ps	TestReport	Info[Test Info]	Test case 'testNegative_BothDisabled_BlocksBidirectional' of test suite 'Keranous_pcie_tileTest' started
0 ps	TestReport	Error[Generic Error]	Test case 'testNegative_BothDisabled_BlocksBidirectional' of test suite 'Keranous_pcie_tileTest' FAILED at Keranous_pcie_tileTest.cc:1485 (Both disabled: inbound returns DECERR)
0 ps	TestReport	Info[Test Info]	Test case 'testNegative_BothEnabled_AllowsBidirectional' of test suite 'Keranous_pcie_tileTest' started
0 ps	TestReport	Error[Generic Error]	Test case 'testNegative_BothEnabled_AllowsBidirectional' of test suite 'Keranous_pcie_tileTest' FAILED at Keranous_pcie_tileTest.cc:1536 (Both enabled: inbound write succeeds)
0 ps	TestReport	Info[Test Info]	Test case 'testDirected_Switch_InboundEnableGating' of test suite 'Keranous_pcie_tileTest' started
0 ps	TestReport	Info[Test Info]	Test case 'testDirected_Switch_InboundEnableGating' of test suite 'Keranous_pcie_tileTest' PASSED with 8 checks
SystemC: simulation stopped by user.
0 ps	TestReport	Info[Test Info]	81 tests, 67 passing, 14 failing, 0 not run, 0 not finished, 236 checks.
0 ps	TestReport	Info[Test Info]	Detailed list of failures follows:
0 ps	TestReport	Info[Test Info]	FAILED: Keranous_pcie_tileTest, testDirected_InboundTlb_AllThreeTypes [Keranous_pcie_tileTest.cc:1991] TLB Sys In0 (16KB pages, route=4) should succeed
0 ps	TestReport	Info[Test Info]	FAILED: Keranous_pcie_tileTest, testDirected_OutboundTlb_SysOut0_All16Entries [Keranous_pcie_tileTest.cc:2046] TLB Sys Out0 entry 0 (default-valid) should succeed
0 ps	TestReport	Info[Test Info]	FAILED: Keranous_pcie_tileTest, testDirected_OutboundTlb_AppOut1_Routing [Keranous_pcie_tileTest.cc:2106] TLB App Out1 via NOC-IO should succeed
0 ps	TestReport	Info[Test Info]	FAILED: Keranous_pcie_tileTest, testDirected_Switch_StatusRegRoute0xF [Keranous_pcie_tileTest.cc:3044] Status register readable via route 0xE
0 ps	TestReport	Info[Test Info]	FAILED: Keranous_pcie_tileTest, testDirected_Switch_StatusRegWriteRejection [Keranous_pcie_tileTest.cc:3082] Read via route 0xE still works after write rejection
0 ps	TestReport	Info[Test Info]	FAILED: Keranous_pcie_tileTest, testDirected_Switch_BadCommandResponse [Keranous_pcie_tileTest.cc:3111] Pre-test: status register accessible
0 ps	TestReport	Info[Test Info]	FAILED: Keranous_pcie_tileTest, testDirected_InboundTlb_PageBoundary [Keranous_pcie_tileTest.cc:3158] TLB entry 0: addr 0x3FFC (just below boundary) → valid entry, success
0 ps	TestReport	Info[Test Info]	FAILED: Keranous_pcie_tileTest, testDirected_ConfigReg_IsolationClearsAll [Keranous_pcie_tileTest.cc:1844] Status register read OK (default state)
0 ps	TestReport	Info[Test Info]	FAILED: Keranous_pcie_tileTest, testDirected_Reset_ColdRestoresDefaults [Keranous_pcie_tileTest.cc:2815] Status register readable pre-reset
0 ps	TestReport	Info[Test Info]	FAILED: Keranous_pcie_tileTest, testDirected_Reset_WarmPreservesConfig [Keranous_pcie_tileTest.cc:2853] Status register readable pre-warm-reset
0 ps	TestReport	Info[Test Info]	FAILED: Keranous_pcie_tileTest, testNegative_InboundDisabled_BlocksPcieToNoc [Keranous_pcie_tileTest.cc:1383] Inbound disabled: PCIe→NOC returns DECERR
0 ps	TestReport	Info[Test Info]	FAILED: Keranous_pcie_tileTest, testNegative_OutboundDisabled_BlocksNocToPcie [Keranous_pcie_tileTest.cc:1433] Outbound disabled: NOC→PCIe returns DECERR (NEW CHECK)
0 ps	TestReport	Info[Test Info]	FAILED: Keranous_pcie_tileTest, testNegative_BothDisabled_BlocksBidirectional [Keranous_pcie_tileTest.cc:1485] Both disabled: inbound returns DECERR
0 ps	TestReport	Info[Test Info]	FAILED: Keranous_pcie_tileTest, testNegative_BothEnabled_AllowsBidirectional [Keranous_pcie_tileTest.cc:1536] Both enabled: inbound write succeeds
make: *** [Makefile.Keranous_pcie_tile.linux:100: check] Error 1
